<?xml version="1.0" encoding="UTF-8"?>
<!-- Generated by org.testng.reporters.JUnitReportReporter -->
<testsuite hostname="vidhya16" failures="0" tests="1" name="mavenJuly23TestClass.NopComTest" time="14.899" errors="0" timestamp="2023-02-19T12:10:09 IST" skipped="0">
  <testcase classname="mavenJuly23TestClass.NopComTest" name="validateFun" time="14.899"/>
  <system-out>
    <![CDATA[This is Test Class]]>
  </system-out>
</testsuite> <!-- mavenJuly23TestClass.NopComTest -->
