<?xml version="1.0" encoding="UTF-8"?>
<!-- Generated by org.testng.reporters.JUnitReportReporter -->
<testsuite hostname="DESKTOP-8F6391V" failures="0" tests="1" name="mavenJuly23TestClass.NopComTest" time="20.350" errors="0" timestamp="2022-12-17T17:08:32 IST" skipped="0">
  <testcase classname="mavenJuly23TestClass.NopComTest" name="validateFun" time="20.350"/>
  <system-out>
    <![CDATA[This is Test Class]]>
  </system-out>
</testsuite> <!-- mavenJuly23TestClass.NopComTest -->
